<?xml version="1.0" encoding="UTF-8"?>
<coverage generated="1655560340411" clover="3.2.0">
  <project timestamp="1655560340411" name="All files">
    <metrics statements="8" coveredstatements="8" conditionals="4" coveredconditionals="4" methods="5" coveredmethods="5" elements="17" coveredelements="17" complexity="0" loc="8" ncloc="8" packages="3" files="3" classes="3"/>
    <package name="Account">
      <metrics statements="2" coveredstatements="2" conditionals="0" coveredconditionals="0" methods="1" coveredmethods="1"/>
      <file name="Account.tsx" path="/Users/jackson/Desktop/react-webpack/src/Account/Account.tsx">
        <metrics statements="2" coveredstatements="2" conditionals="0" coveredconditionals="0" methods="1" coveredmethods="1"/>
        <line num="3" count="1" type="stmt"/>
        <line num="4" count="2" type="stmt"/>
      </file>
    </package>
    <package name="components.ToggleButton">
      <metrics statements="2" coveredstatements="2" conditionals="3" coveredconditionals="3" methods="1" coveredmethods="1"/>
      <file name="ToggleButton.tsx" path="/Users/jackson/Desktop/react-webpack/src/components/ToggleButton/ToggleButton.tsx">
        <metrics statements="2" coveredstatements="2" conditionals="3" coveredconditionals="3" methods="1" coveredmethods="1"/>
        <line num="6" count="3" type="stmt"/>
        <line num="8" count="3" type="cond" truecount="2" falsecount="0"/>
      </file>
    </package>
    <package name="hooks.useToggle">
      <metrics statements="4" coveredstatements="4" conditionals="1" coveredconditionals="1" methods="3" coveredmethods="3"/>
      <file name="useToggle.ts" path="/Users/jackson/Desktop/react-webpack/src/hooks/useToggle/useToggle.ts">
        <metrics statements="4" coveredstatements="4" conditionals="1" coveredconditionals="1" methods="3" coveredmethods="3"/>
        <line num="3" count="2" type="cond" truecount="1" falsecount="0"/>
        <line num="4" count="6" type="stmt"/>
        <line num="5" count="6" type="stmt"/>
        <line num="6" count="6" type="stmt"/>
      </file>
    </package>
  </project>
</coverage>
