{"/Users/jackson/Desktop/react-webpack/src/Account/Account.tsx": {"path":"/Users/jackson/Desktop/react-webpack/src/Account/Account.tsx","statementMap":{"0":{"start":{"line":3,"column":16},"end":{"line":10,"column":1}},"1":{"start":{"line":4,"column":4},"end":{"line":9,"column":6}}},"fnMap":{"0":{"name":"(anonymous_0)","decl":{"start":{"line":3,"column":16},"end":{"line":3,"column":17}},"loc":{"start":{"line":3,"column":64},"end":{"line":10,"column":1}},"line":3}},"branchMap":{},"s":{"0":1,"1":2},"f":{"0":2},"b":{},"_coverageSchema":"1a1c01bbd47fc00a2c39e90264f33305004495a9","hash":"f146129a5c27fd06208363f2c7fc030331e9c209"}
,"/Users/jackson/Desktop/react-webpack/src/components/ToggleButton/ToggleButton.tsx": {"path":"/Users/jackson/Desktop/react-webpack/src/components/ToggleButton/ToggleButton.tsx","statementMap":{"0":{"start":{"line":6,"column":28},"end":{"line":6,"column":46}},"1":{"start":{"line":8,"column":4},"end":{"line":8,"column":68}}},"fnMap":{"0":{"name":"ToggleButton","decl":{"start":{"line":5,"column":9},"end":{"line":5,"column":21}},"loc":{"start":{"line":5,"column":43},"end":{"line":9,"column":1}},"line":5}},"branchMap":{"0":{"loc":{"start":{"line":5,"column":24},"end":{"line":5,"column":39}},"type":"default-arg","locations":[{"start":{"line":5,"column":34},"end":{"line":5,"column":39}}],"line":5},"1":{"loc":{"start":{"line":8,"column":37},"end":{"line":8,"column":57}},"type":"cond-expr","locations":[{"start":{"line":8,"column":45},"end":{"line":8,"column":49}},{"start":{"line":8,"column":52},"end":{"line":8,"column":57}}],"line":8}},"s":{"0":3,"1":3},"f":{"0":3},"b":{"0":[2],"1":[2,1]},"_coverageSchema":"1a1c01bbd47fc00a2c39e90264f33305004495a9","hash":"b032f1255c232957c7f33f775fdef0bbfb4648bb"}
,"/Users/jackson/Desktop/react-webpack/src/hooks/useToggle/useToggle.ts": {"path":"/Users/jackson/Desktop/react-webpack/src/hooks/useToggle/useToggle.ts","statementMap":{"0":{"start":{"line":3,"column":18},"end":{"line":7,"column":1}},"1":{"start":{"line":4,"column":30},"end":{"line":4,"column":52}},"2":{"start":{"line":5,"column":19},"end":{"line":5,"column":74}},"3":{"start":{"line":5,"column":37},"end":{"line":5,"column":69}},"4":{"start":{"line":5,"column":62},"end":{"line":5,"column":68}},"5":{"start":{"line":6,"column":4},"end":{"line":6,"column":27}}},"fnMap":{"0":{"name":"(anonymous_0)","decl":{"start":{"line":3,"column":18},"end":{"line":3,"column":19}},"loc":{"start":{"line":3,"column":49},"end":{"line":7,"column":1}},"line":3},"1":{"name":"(anonymous_1)","decl":{"start":{"line":5,"column":31},"end":{"line":5,"column":32}},"loc":{"start":{"line":5,"column":37},"end":{"line":5,"column":69}},"line":5},"2":{"name":"(anonymous_2)","decl":{"start":{"line":5,"column":46},"end":{"line":5,"column":47}},"loc":{"start":{"line":5,"column":62},"end":{"line":5,"column":68}},"line":5}},"branchMap":{"0":{"loc":{"start":{"line":3,"column":19},"end":{"line":3,"column":39}},"type":"default-arg","locations":[{"start":{"line":3,"column":34},"end":{"line":3,"column":39}}],"line":3}},"s":{"0":2,"1":6,"2":6,"3":2,"4":2,"5":6},"f":{"0":6,"1":2,"2":2},"b":{"0":[2]},"_coverageSchema":"1a1c01bbd47fc00a2c39e90264f33305004495a9","hash":"0ddc646747230fa80f3be358c7623e53cc5763e8"}
}
