TN:
SF:src/Account/Account.tsx
FN:3,(anonymous_0)
FNF:1
FNH:1
FNDA:2,(anonymous_0)
DA:3,1
DA:4,2
LF:2
LH:2
BRF:0
BRH:0
end_of_record
TN:
SF:src/components/ToggleButton/ToggleButton.tsx
FN:5,ToggleButton
FNF:1
FNH:1
FNDA:3,ToggleButton
DA:6,3
DA:8,3
LF:2
LH:2
BRDA:5,0,0,2
BRDA:8,1,0,2
BRDA:8,1,1,1
BRF:3
BRH:3
end_of_record
TN:
SF:src/hooks/useToggle/useToggle.ts
FN:3,(anonymous_0)
FN:5,(anonymous_1)
FN:5,(anonymous_2)
FNF:3
FNH:3
FNDA:6,(anonymous_0)
FNDA:2,(anonymous_1)
FNDA:2,(anonymous_2)
DA:3,2
DA:4,6
DA:5,6
DA:6,6
LF:4
LH:4
BRDA:3,0,0,2
BRF:1
BRH:1
end_of_record
